<?xml version="1.0" encoding="UTF-8"?>
<testsuite name="ChangeBuildingLocation_Test" tests="4" time="6.404967" failures="0" errors="0" skipped="0" assertions="13" timestamp="2018-02-28T18:05:21-07:00">
  <testcase name="test_multiyear_weather_file" time="3.706202" assertions="3">
  </testcase>
  <testcase name="test_weather_file_bad" time="1.601031" assertions="4">
  </testcase>
  <testcase name="test_weather_file" time="1.999829" assertions="3">
  </testcase>
  <testcase name="test_weather_file_WA_Renton" time="2.802976" assertions="3">
  </testcase>
  <system-out>
measure results for multiyear_weather_file
**MEASURE APPLICABILITY**
0 = Success
**INITIAL CONDITION**
No weather file is set. The model has 1 design day objects
**FINAL CONDITION**
The final weather file is 585918_MA and the model has 3 design day objects.
**INFO MESSAGES**
city is 585918_MA. State is 585918_MA
mean dry bulb is 8.983333333333333
Adding object Chicago Ohare Intl Ap Ann Clg .4% Condns WB=&gt;MDB
Adding object Chicago Ohare Intl Ap Ann Clg .4% Condns DB=&gt;MWB
Adding object Chicago Ohare Intl Ap Ann Htg 99.6% Condns DB
Setting Climate Zone to 5A
**WARNING MESSAGES**
**ERROR MESSAGES**
***Machine-Readable Attributes**
[
{
   "name" : "weather_file_name",
   "value" : "multiyear.epw"
}
,{
   "name" : "climate_zone",
   "value" : "Lookup From Stat File"
}
]
***Files Generated**


measure results for weather_file_bad
**MEASURE APPLICABILITY**
1 = Fail
**INITIAL CONDITION**
No weather file is set. The model has 1 design day objects
**FINAL CONDITION**
**INFO MESSAGES**
**WARNING MESSAGES**
**ERROR MESSAGES**
Did not find BadFileName.epw in paths described in OSW file.
***Machine-Readable Attributes**
[
{
   "name" : "weather_file_name",
   "value" : "BadFileName.epw"
}
,{
   "name" : "climate_zone",
   "value" : "Lookup From Stat File"
}
]
***Files Generated**


measure results for weather_file
**MEASURE APPLICABILITY**
0 = Success
**INITIAL CONDITION**
No weather file is set. The model has 1 design day objects
**FINAL CONDITION**
The final weather file is Boston Logan IntL Arpt and the model has 3 design day objects.
**INFO MESSAGES**
city is Boston Logan IntL Arpt. State is MA
mean dry bulb is 10.55
Adding object Boston Logan IntL Arpt Ann Clg .4% Condns WB=&gt;MDB
Adding object Boston Logan IntL Arpt Ann Clg .4% Condns DB=&gt;MWB
Adding object Boston Logan IntL Arpt Ann Htg 99.6% Condns DB
Setting Climate Zone to 5A
**WARNING MESSAGES**
**ERROR MESSAGES**
***Machine-Readable Attributes**
[
{
   "name" : "weather_file_name",
   "value" : "USA_MA_Boston-Logan.Intl.AP.725090_TMY3.epw"
}
,{
   "name" : "climate_zone",
   "value" : "Lookup From Stat File"
}
]
***Files Generated**


measure results for weather_file_WA_Renton
**MEASURE APPLICABILITY**
0 = Success
**INITIAL CONDITION**
No weather file is set. The model has 1 design day objects
**FINAL CONDITION**
The final weather file is Renton Muni and the model has 0 design day objects.
**INFO MESSAGES**
city is Renton Muni. State is WA
mean dry bulb is 11.791666666666666
Setting Climate Zone to 4A
**WARNING MESSAGES**
**ERROR MESSAGES**
***Machine-Readable Attributes**
[
{
   "name" : "weather_file_name",
   "value" : "USA_WA_Renton.Muni.AP.727934_TMY3.epw"
}
,{
   "name" : "climate_zone",
   "value" : "Lookup From Stat File"
}
]
***Files Generated**


  </system-out>
  <system-err>
/Users/nlong/working/OpenStudio-measure-tester-gem/spec/test_measures/ChangeBuildingLocation/tests/change_building_location_test.rb:68: warning: Dir.exists? is a deprecated name, use Dir.exist? instead
/Users/nlong/.rbenv/versions/2.2.4/lib/ruby/gems/2.2.0/gems/ci_reporter_minitest-1.0.0/lib/ci/reporter/minitest.rb:80: warning: instance variable @current_suite_class not initialized
/Users/nlong/.rbenv/versions/2.2.4/lib/ruby/gems/2.2.0/gems/ci_reporter_minitest-1.0.0/lib/ci/reporter/minitest.rb:114: warning: instance variable @current_suite not initialized
/Users/nlong/working/OpenStudio-measure-tester-gem/spec/test_measures/ChangeBuildingLocation/tests/change_building_location_test.rb:68: warning: Dir.exists? is a deprecated name, use Dir.exist? instead
/Users/nlong/working/OpenStudio-measure-tester-gem/spec/test_measures/ChangeBuildingLocation/tests/change_building_location_test.rb:68: warning: Dir.exists? is a deprecated name, use Dir.exist? instead
/Users/nlong/working/OpenStudio-measure-tester-gem/spec/test_measures/ChangeBuildingLocation/tests/change_building_location_test.rb:68: warning: Dir.exists? is a deprecated name, use Dir.exist? instead
  </system-err>
</testsuite>
