<?xml version="1.0" encoding="UTF-8"?>
<test_suites>
  <testsuite name="ModelMeasureNameTest" filepath="spec/test_measures/ModelMeasure/tests/model_measure_test.rb" skipped="0" failures="0" errors="0" tests="3" assertions="10" time="1.80004">
    <testcase name="test_good_argument_values" lineno="67" classname="ModelMeasureNameTest" assertions="6" time="1.798336">
    </testcase>
    <testcase name="test_bad_argument_values" lineno="28" classname="ModelMeasureNameTest" assertions="2" time="0.001203">
    </testcase>
    <testcase name="test_number_of_arguments_and_argument_names" lineno="15" classname="ModelMeasureNameTest" assertions="2" time="0.000501">
    </testcase>
  </testsuite>
</test_suites>
