<?xml version="1.0" encoding="UTF-8"?>
<test_suites>
  <testsuite name="ChangeBuildingLocation_Test" filepath="spec/test_measures/double_dir/ChangeBuildingLocation/tests/change_building_location_test.rb" skipped="0" failures="0" errors="0" tests="4" assertions="13" time="20.666068">
    <testcase name="test_multiyear_weather_file" lineno="109" classname="ChangeBuildingLocation_Test" assertions="3" time="5.567245">
    </testcase>
    <testcase name="test_weather_file_WA_Renton" lineno="103" classname="ChangeBuildingLocation_Test" assertions="3" time="6.481004">
    </testcase>
    <testcase name="test_weather_file" lineno="97" classname="ChangeBuildingLocation_Test" assertions="3" time="4.602408">
    </testcase>
    <testcase name="test_weather_file_bad" lineno="115" classname="ChangeBuildingLocation_Test" assertions="4" time="4.015411">
    </testcase>
  </testsuite>
</test_suites>
