<?xml version="1.0" encoding="UTF-8"?>
<testsuite name="SetGasBurnerEfficiency_Test" tests="2" time="4.529943" failures="0" errors="0" skipped="0" assertions="46" timestamp="2018-02-12T14:09:43-07:00">
  <testcase name="test_SetGasBurnerEfficiency_all_loop" time="4.385581" assertions="23">
  </testcase>
  <testcase name="test_SetGasBurnerEfficiency_single_loop" time="4.526853" assertions="23">
  </testcase>
  <system-out>
**MEASURE APPLICABILITY**
0 = Success
**INITIAL CONDITION**
The starting efficiency values in affected loop(s) range from 0.8 to 0.8. Initial year 0 capital costs for affected Coil Heating Gas units is $0.
**FINAL CONDITION**
1 Coil Heating Gas units had their Rated COP values set to 0.9. Final year 0 capital costs for affected Coil Heating Gas units is $5.
**INFO MESSAGES**
Changing the burner efficiency from 0.8 to 0.9 for gas heating units 'Coil Heating Gas 1' on air loop 'Packaged Rooftop Air Conditioner'
**WARNING MESSAGES**
**ERROR MESSAGES**
***Machine-Readable Attributes**
[
{
   "name" : "object",
   "value" : "{a3a51906-9a84-471c-8162-778785896008}"
}
,{
   "name" : "eff",
   "value" : 0.90000000000000002
}
,{
   "name" : "remove_costs",
   "value" : true
}
,{
   "name" : "material_cost",
   "value" : 5
}
,{
   "name" : "demolition_cost",
   "value" : 1
}
,{
   "name" : "years_until_costs_start",
   "value" : 0
}
,{
   "name" : "demo_cost_initial_const",
   "value" : false
}
,{
   "name" : "expected_life",
   "value" : 20
}
,{
   "name" : "om_cost",
   "value" : 0.25
}
,{
   "name" : "om_frequency",
   "value" : 1
}
]
***Files Generated**


**MEASURE APPLICABILITY**
0 = Success
**INITIAL CONDITION**
The starting efficiency values in affected loop(s) range from 0.8 to 0.8. Initial year 0 capital costs for affected Coil Heating Gas units is $0.
**FINAL CONDITION**
1 Coil Heating Gas units had their Rated COP values set to 0.9. Final year 0 capital costs for affected Coil Heating Gas units is $5.
**INFO MESSAGES**
Changing the burner efficiency from 0.8 to 0.9 for gas heating units 'Coil Heating Gas 1' on air loop 'Packaged Rooftop Air Conditioner'
**WARNING MESSAGES**
**ERROR MESSAGES**
***Machine-Readable Attributes**
[
{
   "name" : "object",
   "value" : "{e980ac30-8413-4ca2-8e17-9cb6b9cadd16}"
}
,{
   "name" : "eff",
   "value" : 0.90000000000000002
}
,{
   "name" : "remove_costs",
   "value" : true
}
,{
   "name" : "material_cost",
   "value" : 5
}
,{
   "name" : "demolition_cost",
   "value" : 1
}
,{
   "name" : "years_until_costs_start",
   "value" : 0
}
,{
   "name" : "demo_cost_initial_const",
   "value" : false
}
,{
   "name" : "expected_life",
   "value" : 20
}
,{
   "name" : "om_cost",
   "value" : 0.25
}
,{
   "name" : "om_frequency",
   "value" : 1
}
]
***Files Generated**


  </system-out>
  <system-err>
/Users/nlong/.rbenv/versions/2.2.4/lib/ruby/gems/2.2.0/gems/ci_reporter-2.0.0/lib/ci/reporter/test_suite.rb:54: warning: instance variable @capture_out not initialized
/Users/nlong/.rbenv/versions/2.2.4/lib/ruby/gems/2.2.0/gems/ci_reporter-2.0.0/lib/ci/reporter/test_suite.rb:55: warning: instance variable @capture_err not initialized
/Users/nlong/.rbenv/versions/2.2.4/lib/ruby/gems/2.2.0/gems/ci_reporter-2.0.0/lib/ci/reporter/report_manager.rb:51: warning: File.exists? is a deprecated name, use File.exist? instead
/Users/nlong/working/OpenStudio-measure-tester-gem/spec/test_measures/SetGasBurnerEfficiency/measure.rb:193: warning: method redefined; discarding old neat_numbers
/Users/nlong/working/OpenStudio-measure-tester-gem/spec/test_measures/SetGasBurnerEfficiency/measure.rb:193: warning: previous definition of neat_numbers was here
/Users/nlong/working/OpenStudio-measure-tester-gem/spec/test_measures/SetGasBurnerEfficiency/measure.rb:204: warning: method redefined; discarding old get_total_costs_for_objects
/Users/nlong/working/OpenStudio-measure-tester-gem/spec/test_measures/SetGasBurnerEfficiency/measure.rb:204: warning: previous definition of get_total_costs_for_objects was here
  </system-err>
</testsuite>
