<?xml version="1.0" encoding="UTF-8"?>
<test_suites>
  <testsuite name="AddOverhangsByProjectionFactor_Test" filepath="spec/test_measures/AddOverhangsByProjectionFactor/tests/AddOverhangsByProjectionFactor_Test.rb" skipped="0" failures="1" errors="1" tests="4" assertions="39" time="9.85642">
    <testcase name="test_AddOverhangsByProjectionFactor_bad" lineno="16" classname="AddOverhangsByProjectionFactor_Test" assertions="7" time="0.006723">
    </testcase>
    <testcase name="test_AddOverhangsByProjectionFactor_good_noDefault" lineno="146" classname="AddOverhangsByProjectionFactor_Test" assertions="7" time="6.079613">
    </testcase>
    <testcase name="test_AddOverhangsByProjectionFactor_good" lineno="46" classname="AddOverhangsByProjectionFactor_Test" assertions="25" time="3.770057">
    <failure type="test_AddOverhangsByProjectionFactor_good" message="Expected: 1...">
Failure:
test_AddOverhangsByProjectionFactor_good(AddOverhangsByProjectionFactor_Test) [/Users/nlong/working/OpenStudio-measure-tester-gem/spec/test_measures/AddOverhangsByProjectionFactor/tests/AddOverhangsByProjectionFactor_Test.rb:132]:
Expected: 1
  Actual: 5
    </failure>
    </testcase>
    <testcase name="test_failure" lineno="192" classname="AddOverhangsByProjectionFactor_Test" assertions="0" time="2.7e-05">
    <error type="test_failure" message="RuntimeError: This will be an error...">
Failure:
test_failure(AddOverhangsByProjectionFactor_Test) [/Users/nlong/working/OpenStudio-measure-tester-gem/spec/test_measures/AddOverhangsByProjectionFactor/tests/AddOverhangsByProjectionFactor_Test.rb:193]:
RuntimeError: This will be an error
    /Users/nlong/working/OpenStudio-measure-tester-gem/spec/test_measures/AddOverhangsByProjectionFactor/tests/AddOverhangsByProjectionFactor_Test.rb:193:in `test_failure'
    </error>
    </testcase>
  </testsuite>
</test_suites>
