<?xml version="1.0" encoding="UTF-8"?>
<test_suites>
  <testsuite name="SetGasBurnerEfficiency_Test" filepath="spec/test_measures/SetGasBurnerEfficiency/tests/SetGasBurnerEfficiency_Test.rb" skipped="0" failures="0" errors="0" tests="2" assertions="46" time="11.540564">
    <testcase name="test_SetGasBurnerEfficiency_single_loop" lineno="9" classname="SetGasBurnerEfficiency_Test" assertions="23" time="6.682867">
    </testcase>
    <testcase name="test_SetGasBurnerEfficiency_all_loop" lineno="95" classname="SetGasBurnerEfficiency_Test" assertions="23" time="4.857697">
    </testcase>
  </testsuite>
</test_suites>
