<?xml version="1.0" encoding="UTF-8"?>
<testsuite name="RotateBuilding_Test" tests="2" time="5.385393" failures="0" errors="0" skipped="0" assertions="10" timestamp="2018-02-14T15:33:59-07:00">
  <testcase name="test_RotateBuilding" time="3.36893" assertions="7">
  </testcase>
  <testcase name="test_RotateBuilding_EmptySpaceNoLoadsOrSurfaces" time="0.001182" assertions="3">
  </testcase>
  <system-out>
**MEASURE APPLICABILITY**
0 = Success
**INITIAL CONDITION**
The building's initial rotation was 0.0 degrees.
**FINAL CONDITION**
The building's final rotation is 140.2 degrees.
**INFO MESSAGES**
The building has been rotated by 140.2 degrees.
**WARNING MESSAGES**
Requested rotation was not between -360 and 360. Effective relative rotation is 140.2 degrees.
**ERROR MESSAGES**
***Machine-Readable Attributes**
[
{
   "name" : "relative_building_rotation",
   "value" : 500.19999999999999
}
,{
   "name" : "orientation_initial",
   "value" : 0
}
,{
   "name" : "orientation_final",
   "value" : 140.19999999999999
}
]
***Files Generated**


  </system-out>
  <system-err>
/Users/kflemin/.rbenv/versions/2.2.4/lib/ruby/gems/2.2.0/gems/ci_reporter_minitest-1.0.0/lib/ci/reporter/minitest.rb:80: warning: instance variable @current_suite_class not initialized
/Users/kflemin/.rbenv/versions/2.2.4/lib/ruby/gems/2.2.0/gems/ci_reporter_minitest-1.0.0/lib/ci/reporter/minitest.rb:114: warning: instance variable @current_suite not initialized
  </system-err>
</testsuite>
